#
# A fatal error has been detected by the Java Runtime Environment:
#
#  Internal Error (generateOopMap.cpp:2162), pid=4664, tid=13827
#  fatal error: Illegal class file encountered. Try running with -Xverify:all in method postRequest
#
# JRE version: Java(TM) SE Runtime Environment (10.0.1+10) (build 10.0.1+10)
# Java VM: Java HotSpot(TM) 64-Bit Server VM (10.0.1+10, mixed mode, tiered, compressed oops, g1 gc, bsd-amd64)
# No core dump will be written. Core dumps have been disabled. To enable core dumping, try "ulimit -c unlimited" before starting Java again
#
# If you would like to submit a bug report, please visit:
#   http://bugreport.java.com/bugreport/crash.jsp
#

---------------  S U M M A R Y ------------

Command Line: -agentlib:jdwp=transport=dt_socket,address=127.0.0.1:59358,suspend=y,server=n -javaagent:/Users/saengdueancalderaz/Library/Caches/IdeaIC2018.2/captureAgent/debugger-agent.jar=file:/private/var/folders/xq/3nlc7ccs2qv9z1v9nt41kq2m0000gn/T/capture.props -Dfile.encoding=UTF-8 RestAPITesting

Host: MacBook8,1 x86_64 1100 MHz, 4 cores, 8G, Darwin 17.7.0
Time: Tue Oct 30 19:14:14 2018 PDT elapsed time: 1028 seconds (0d 0h 17m 8s)

---------------  T H R E A D  ---------------

Current thread (0x00007f9f6981d000):  VMThread "VM Thread" [stack: 0x0000700004476000,0x0000700004576000] [id=13827]

Stack: [0x0000700004476000,0x0000700004576000],  sp=0x0000700004574e70,  free space=1019k
Native frames: (J=compiled Java code, A=aot compiled Java code, j=interpreted, Vv=VM code, C=native code)
V  [libjvm.dylib+0x799cb1]  VMError::report_and_die(int, char const*, char const*, __va_list_tag*, Thread*, unsigned char*, void*, void*, char const*, int, unsigned long)+0x4df
V  [libjvm.dylib+0x79a374]  VMError::report_and_die(Thread*, char const*, int, char const*, char const*, __va_list_tag*)+0x4a
V  [libjvm.dylib+0x28bd31]  report_fatal(char const*, int, char const*, ...)+0xc0
V  [libjvm.dylib+0x383781]  GenerateOopMap::error_work(char const*, __va_list_tag*)+0xeb
V  [libjvm.dylib+0x380a39]  GenerateOopMap::report_error(char const*, ...)+0x8d
V  [libjvm.dylib+0x380f76]  GenerateOopMap::get_var(int)+0x16
V  [libjvm.dylib+0x3828f1]  GenerateOopMap::ppload(CellTypeState*, int)+0x29
V  [libjvm.dylib+0x3816eb]  GenerateOopMap::interp_bb(BasicBlock*)+0x105
V  [libjvm.dylib+0x381401]  GenerateOopMap::interp_all()+0x53
V  [libjvm.dylib+0x3810e7]  GenerateOopMap::do_interpretation()+0x4b
V  [libjvm.dylib+0x3835b1]  GenerateOopMap::compute_map(Thread*)+0x16b
V  [libjvm.dylib+0x62b7d8]  OopMapForCacheEntry::compute_map(Thread*)+0x60
V  [libjvm.dylib+0x62c0c4]  OopMapCacheEntry::fill(methodHandle const&, int)+0xac
V  [libjvm.dylib+0x62ca8c]  OopMapCache::compute_one_oop_map(methodHandle const&, int, InterpreterOopMap*)+0x11a
V  [libjvm.dylib+0x5f1155]  Method::mask_for(int, InterpreterOopMap*)+0x7f
V  [libjvm.dylib+0x4dda69]  VM_GetOrSetLocal::doit()+0x47
V  [libjvm.dylib+0x7a38d9]  VM_Operation::evaluate()+0xf1
V  [libjvm.dylib+0x7a2dc2]  VMThread::evaluate_operation(VM_Operation*)+0xd4
V  [libjvm.dylib+0x7a2a76]  VMThread::loop()+0x340
V  [libjvm.dylib+0x7a2649]  VMThread::run()+0x75
V  [libjvm.dylib+0x633a5f]  thread_native_entry(Thread*)+0x12b
C  [libsystem_pthread.dylib+0x3661]  _pthread_body+0x154
C  [libsystem_pthread.dylib+0x350d]  _pthread_body+0x0
C  [libsystem_pthread.dylib+0x2bf9]  thread_start+0xd

VM_Operation (0x0000700004e109b8): GetOrSetLocal, mode: safepoint, requested by thread 0x00007f9f69880000


---------------  P R O C E S S  ---------------

Threads class SMR info:
_java_thread_list=0x00007f9f67e23c10, length=13, elements={
0x00007f9f68802000, 0x00007f9f68828800, 0x00007f9f6883c000, 0x00007f9f68840000,
0x00007f9f68829800, 0x00007f9f6983b800, 0x00007f9f68069000, 0x00007f9f6982a000,
0x00007f9f69880000, 0x00007f9f688f7800, 0x00007f9f68801000, 0x00007f9f690bd800,
0x00007f9f680ad800
}

Java Threads: ( => current thread )
  0x00007f9f68802000 JavaThread "main" [_thread_blocked, id=6403, stack(0x000000010d264000,0x000000010d364000)]
  0x00007f9f68828800 JavaThread "Reference Handler" daemon [_thread_blocked, id=14339, stack(0x0000700004579000,0x0000700004679000)]
  0x00007f9f6883c000 JavaThread "Finalizer" daemon [_thread_blocked, id=14851, stack(0x000070000467c000,0x000070000477c000)]
  0x00007f9f68840000 JavaThread "Signal Dispatcher" daemon [_thread_blocked, id=42755, stack(0x0000700004802000,0x0000700004902000)]
  0x00007f9f68829800 JavaThread "C2 CompilerThread0" daemon [_thread_blocked, id=41987, stack(0x0000700004905000,0x0000700004a05000)]
  0x00007f9f6983b800 JavaThread "C2 CompilerThread1" daemon [_thread_blocked, id=22787, stack(0x0000700004a08000,0x0000700004b08000)]
  0x00007f9f68069000 JavaThread "C1 CompilerThread2" daemon [_thread_blocked, id=41475, stack(0x0000700004b0b000,0x0000700004c0b000)]
  0x00007f9f6982a000 JavaThread "Sweeper thread" daemon [_thread_blocked, id=23555, stack(0x0000700004c0e000,0x0000700004d0e000)]
  0x00007f9f69880000 JavaThread "JDWP Transport Listener: dt_socket" daemon [_thread_blocked, id=40451, stack(0x0000700004d11000,0x0000700004e11000)] _threads_hazard_ptr=0x00007f9f67e23c10
  0x00007f9f688f7800 JavaThread "JDWP Event Helper Thread" daemon [_thread_blocked, id=24067, stack(0x0000700004e14000,0x0000700004f14000)]
  0x00007f9f68801000 JavaThread "JDWP Command Reader" daemon [_thread_in_native, id=39427, stack(0x0000700004f17000,0x0000700005017000)]
  0x00007f9f690bd800 JavaThread "Common-Cleaner" daemon [_thread_blocked, id=38659, stack(0x000070000501a000,0x000070000511a000)]
  0x00007f9f680ad800 JavaThread "Service Thread" daemon [_thread_blocked, id=24579, stack(0x000070000511d000,0x000070000521d000)]

Other Threads:
=>0x00007f9f6981d000 VMThread "VM Thread" [stack: 0x0000700004476000,0x0000700004576000] [id=13827]
  0x00007f9f69881000 WatcherThread [stack: 0x0000700005220000,0x0000700005320000] [id=37891]
  0x00007f9f68016000 GCTaskThread "GC Thread#0" [stack: 0x0000700003955000,0x0000700003a55000] [id=20995]
  0x00007f9f68018000 GCTaskThread "GC Thread#1" [stack: 0x0000700003a58000,0x0000700003b58000] [id=20739]
  0x00007f9f68018800 GCTaskThread "GC Thread#2" [stack: 0x0000700003b5b000,0x0000700003c5b000] [id=20483]
  0x00007f9f69003800 GCTaskThread "GC Thread#3" [stack: 0x0000700003c5e000,0x0000700003d5e000] [id=11523]
  0x00007f9f6980f800 ConcurrentGCThread "G1 Main Marker" [stack: 0x0000700003d61000,0x0000700003e61000] [id=19715]
  0x00007f9f69004000 ConcurrentGCThread "G1 Conc#0" [stack: 0x0000700003e64000,0x0000700003f64000] [id=19203]
  0x00007f9f69045000 ConcurrentGCThread "G1 Refine#0" [stack: 0x0000700003f67000,0x0000700004067000] [id=18691]
  0x00007f9f69045800 ConcurrentGCThread "G1 Refine#1" [stack: 0x000070000406a000,0x000070000416a000] [id=12291]
  0x00007f9f69046800 ConcurrentGCThread "G1 Refine#2" [stack: 0x000070000416d000,0x000070000426d000] [id=12803]
  0x00007f9f69047000 ConcurrentGCThread "G1 Refine#3" [stack: 0x0000700004270000,0x0000700004370000] [id=18179]
  0x00007f9f69048000 ConcurrentGCThread "G1 Young RemSet Sampling" [stack: 0x0000700004373000,0x0000700004473000] [id=13571]

Threads with active compile tasks:

VM state:at safepoint (normal execution)

VM Mutex/Monitor currently owned by a thread:  ([mutex/lock_event])
[0x00007f9f67d170b0] Threads_lock - owner thread: 0x00007f9f6981d000

Heap address: 0x0000000740000000, size: 2048 MB, Compressed Oops mode: Zero based, Oop shift amount: 3
Narrow klass base: 0x0000000000000000, Narrow klass shift: 3
Compressed class space size: 1073741824 Address: 0x00000007c0000000

Heap:
 garbage-first heap   total 131072K, used 8072K [0x0000000740000000, 0x00000007c0000000)
  region size 1024K, 6 young (6144K), 1 survivors (1024K)
 Metaspace       used 12871K, capacity 13032K, committed 13184K, reserved 1060864K
  class space    used 1232K, capacity 1341K, committed 1408K, reserved 1048576K
Heap Regions: E=young(eden), S=young(survivor), O=old, HS=humongous(starts), HC=humongous(continues), CS=collection set, F=free, A=archive, TS=gc time stamp, AC=allocation context, TAMS=top-at-mark-start (previous, next)
|   0|0x0000000740000000, 0x0000000740100000, 0x0000000740100000|100%| O|  |TS  1|AC  0|TAMS 0x0000000740000000, 0x0000000740000000|
|   1|0x0000000740100000, 0x0000000740200000, 0x0000000740200000|100%| O|  |TS  2|AC  0|TAMS 0x0000000740100000, 0x0000000740100000|
|   2|0x0000000740200000, 0x0000000740300000, 0x0000000740300000|100%| O|  |TS  2|AC  0|TAMS 0x0000000740200000, 0x0000000740200000|
|   3|0x0000000740300000, 0x0000000740349800, 0x0000000740400000| 28%| O|  |TS  2|AC  0|TAMS 0x0000000740300000, 0x0000000740300000|
|   4|0x0000000740400000, 0x0000000740400000, 0x0000000740500000|  0%| F|  |TS  0|AC  0|TAMS 0x0000000740400000, 0x0000000740400000|
|   5|0x0000000740500000, 0x0000000740500000, 0x0000000740600000|  0%| F|  |TS  0|AC  0|TAMS 0x0000000740500000, 0x0000000740500000|
|   6|0x0000000740600000, 0x0000000740600000, 0x0000000740700000|  0%| F|  |TS  0|AC  0|TAMS 0x0000000740600000, 0x0000000740600000|
|   7|0x0000000740700000, 0x0000000740700000, 0x0000000740800000|  0%| F|  |TS  0|AC  0|TAMS 0x0000000740700000, 0x0000000740700000|
|   8|0x0000000740800000, 0x0000000740800000, 0x0000000740900000|  0%| F|  |TS  0|AC  0|TAMS 0x0000000740800000, 0x0000000740800000|
|   9|0x0000000740900000, 0x0000000740900000, 0x0000000740a00000|  0%| F|  |TS  0|AC  0|TAMS 0x0000000740900000, 0x0000000740900000|
|  10|0x0000000740a00000, 0x0000000740a00000, 0x0000000740b00000|  0%| F|  |TS  0|AC  0|TAMS 0x0000000740a00000, 0x0000000740a00000|
|  11|0x0000000740b00000, 0x0000000740b00000, 0x0000000740c00000|  0%| F|  |TS  0|AC  0|TAMS 0x0000000740b00000, 0x0000000740b00000|
|  12|0x0000000740c00000, 0x0000000740c00000, 0x0000000740d00000|  0%| F|  |TS  0|AC  0|TAMS 0x0000000740c00000, 0x0000000740c00000|
|  13|0x0000000740d00000, 0x0000000740d00000, 0x0000000740e00000|  0%| F|  |TS  0|AC  0|TAMS 0x0000000740d00000, 0x0000000740d00000|
|  14|0x0000000740e00000, 0x0000000740e00000, 0x0000000740f00000|  0%| F|  |TS  0|AC  0|TAMS 0x0000000740e00000, 0x0000000740e00000|
|  15|0x0000000740f00000, 0x0000000740f00000, 0x0000000741000000|  0%| F|  |TS  0|AC  0|TAMS 0x0000000740f00000, 0x0000000740f00000|
|  16|0x0000000741000000, 0x0000000741000000, 0x0000000741100000|  0%| F|  |TS  0|AC  0|TAMS 0x0000000741000000, 0x0000000741000000|
|  17|0x0000000741100000, 0x0000000741100000, 0x0000000741200000|  0%| F|  |TS  0|AC  0|TAMS 0x0000000741100000, 0x0000000741100000|
|  18|0x0000000741200000, 0x0000000741200000, 0x0000000741300000|  0%| F|  |TS  0|AC  0|TAMS 0x0000000741200000, 0x0000000741200000|
|  19|0x0000000741300000, 0x0000000741300000, 0x0000000741400000|  0%| F|  |TS  0|AC  0|TAMS 0x0000000741300000, 0x0000000741300000|
|  20|0x0000000741400000, 0x0000000741400000, 0x0000000741500000|  0%| F|  |TS  0|AC  0|TAMS 0x0000000741400000, 0x0000000741400000|
|  21|0x0000000741500000, 0x0000000741500000, 0x0000000741600000|  0%| F|  |TS  0|AC  0|TAMS 0x0000000741500000, 0x0000000741500000|
|  22|0x0000000741600000, 0x0000000741600000, 0x0000000741700000|  0%| F|  |TS  0|AC  0|TAMS 0x0000000741600000, 0x0000000741600000|
|  23|0x0000000741700000, 0x0000000741700000, 0x0000000741800000|  0%| F|  |TS  0|AC  0|TAMS 0x0000000741700000, 0x0000000741700000|
|  24|0x0000000741800000, 0x0000000741800000, 0x0000000741900000|  0%| F|  |TS  0|AC  0|TAMS 0x0000000741800000, 0x0000000741800000|
|  25|0x0000000741900000, 0x0000000741900000, 0x0000000741a00000|  0%| F|  |TS  0|AC  0|TAMS 0x0000000741900000, 0x0000000741900000|
|  26|0x0000000741a00000, 0x0000000741a00000, 0x0000000741b00000|  0%| F|  |TS  0|AC  0|TAMS 0x0000000741a00000, 0x0000000741a00000|
|  27|0x0000000741b00000, 0x0000000741b00000, 0x0000000741c00000|  0%| F|  |TS  0|AC  0|TAMS 0x0000000741b00000, 0x0000000741b00000|
|  28|0x0000000741c00000, 0x0000000741c00000, 0x0000000741d00000|  0%| F|  |TS  0|AC  0|TAMS 0x0000000741c00000, 0x0000000741c00000|
|  29|0x0000000741d00000, 0x0000000741d00000, 0x0000000741e00000|  0%| F|  |TS  0|AC  0|TAMS 0x0000000741d00000, 0x0000000741d00000|
|  30|0x0000000741e00000, 0x0000000741e00000, 0x0000000741f00000|  0%| F|  |TS  0|AC  0|TAMS 0x0000000741e00000, 0x0000000741e00000|
|  31|0x0000000741f00000, 0x0000000741f00000, 0x0000000742000000|  0%| F|  |TS  0|AC  0|TAMS 0x0000000741f00000, 0x0000000741f00000|
|  32|0x0000000742000000, 0x0000000742000000, 0x0000000742100000|  0%| F|  |TS  0|AC  0|TAMS 0x0000000742000000, 0x0000000742000000|
|  33|0x0000000742100000, 0x0000000742100000, 0x0000000742200000|  0%| F|  |TS  0|AC  0|TAMS 0x0000000742100000, 0x0000000742100000|
|  34|0x0000000742200000, 0x0000000742200000, 0x0000000742300000|  0%| F|  |TS  0|AC  0|TAMS 0x0000000742200000, 0x0000000742200000|
|  35|0x0000000742300000, 0x0000000742300000, 0x0000000742400000|  0%| F|  |TS  0|AC  0|TAMS 0x0000000742300000, 0x0000000742300000|
|  36|0x0000000742400000, 0x0000000742400000, 0x0000000742500000|  0%| F|  |TS  0|AC  0|TAMS 0x0000000742400000, 0x0000000742400000|
|  37|0x0000000742500000, 0x0000000742500000, 0x0000000742600000|  0%| F|  |TS  0|AC  0|TAMS 0x0000000742500000, 0x0000000742500000|
|  38|0x0000000742600000, 0x0000000742600000, 0x0000000742700000|  0%| F|  |TS  0|AC  0|TAMS 0x0000000742600000, 0x0000000742600000|
|  39|0x0000000742700000, 0x0000000742700000, 0x0000000742800000|  0%| F|  |TS  0|AC  0|TAMS 0x0000000742700000, 0x0000000742700000|
|  40|0x0000000742800000, 0x0000000742800000, 0x0000000742900000|  0%| F|  |TS  0|AC  0|TAMS 0x0000000742800000, 0x0000000742800000|
|  41|0x0000000742900000, 0x0000000742900000, 0x0000000742a00000|  0%| F|  |TS  0|AC  0|TAMS 0x0000000742900000, 0x0000000742900000|
|  42|0x0000000742a00000, 0x0000000742a00000, 0x0000000742b00000|  0%| F|  |TS  0|AC  0|TAMS 0x0000000742a00000, 0x0000000742a00000|
|  43|0x0000000742b00000, 0x0000000742b00000, 0x0000000742c00000|  0%| F|  |TS  0|AC  0|TAMS 0x0000000742b00000, 0x0000000742b00000|
|  44|0x0000000742c00000, 0x0000000742c00000, 0x0000000742d00000|  0%| F|  |TS  0|AC  0|TAMS 0x0000000742c00000, 0x0000000742c00000|
|  45|0x0000000742d00000, 0x0000000742d00000, 0x0000000742e00000|  0%| F|  |TS  0|AC  0|TAMS 0x0000000742d00000, 0x0000000742d00000|
|  46|0x0000000742e00000, 0x0000000742e00000, 0x0000000742f00000|  0%| F|  |TS  0|AC  0|TAMS 0x0000000742e00000, 0x0000000742e00000|
|  47|0x0000000742f00000, 0x0000000742f00000, 0x0000000743000000|  0%| F|  |TS  0|AC  0|TAMS 0x0000000742f00000, 0x0000000742f00000|
|  48|0x0000000743000000, 0x0000000743000000, 0x0000000743100000|  0%| F|  |TS  0|AC  0|TAMS 0x0000000743000000, 0x0000000743000000|
|  49|0x0000000743100000, 0x0000000743100000, 0x0000000743200000|  0%| F|  |TS  0|AC  0|TAMS 0x0000000743100000, 0x0000000743100000|
|  50|0x0000000743200000, 0x0000000743200000, 0x0000000743300000|  0%| F|  |TS  0|AC  0|TAMS 0x0000000743200000, 0x0000000743200000|
|  51|0x0000000743300000, 0x0000000743300000, 0x0000000743400000|  0%| F|  |TS  0|AC  0|TAMS 0x0000000743300000, 0x0000000743300000|
|  52|0x0000000743400000, 0x0000000743400000, 0x0000000743500000|  0%| F|  |TS  0|AC  0|TAMS 0x0000000743400000, 0x0000000743400000|
|  53|0x0000000743500000, 0x0000000743500000, 0x0000000743600000|  0%| F|  |TS  0|AC  0|TAMS 0x0000000743500000, 0x0000000743500000|
|  54|0x0000000743600000, 0x0000000743600000, 0x0000000743700000|  0%| F|  |TS  0|AC  0|TAMS 0x0000000743600000, 0x0000000743600000|
|  55|0x0000000743700000, 0x0000000743700000, 0x0000000743800000|  0%| F|  |TS  0|AC  0|TAMS 0x0000000743700000, 0x0000000743700000|
|  56|0x0000000743800000, 0x0000000743800000, 0x0000000743900000|  0%| F|  |TS  0|AC  0|TAMS 0x0000000743800000, 0x0000000743800000|
|  57|0x0000000743900000, 0x0000000743900000, 0x0000000743a00000|  0%| F|  |TS  0|AC  0|TAMS 0x0000000743900000, 0x0000000743900000|
|  58|0x0000000743a00000, 0x0000000743a00000, 0x0000000743b00000|  0%| F|  |TS  0|AC  0|TAMS 0x0000000743a00000, 0x0000000743a00000|
|  59|0x0000000743b00000, 0x0000000743b00000, 0x0000000743c00000|  0%| F|  |TS  0|AC  0|TAMS 0x0000000743b00000, 0x0000000743b00000|
|  60|0x0000000743c00000, 0x0000000743c00000, 0x0000000743d00000|  0%| F|  |TS  0|AC  0|TAMS 0x0000000743c00000, 0x0000000743c00000|
|  61|0x0000000743d00000, 0x0000000743d00000, 0x0000000743e00000|  0%| F|  |TS  0|AC  0|TAMS 0x0000000743d00000, 0x0000000743d00000|
|  62|0x0000000743e00000, 0x0000000743e00000, 0x0000000743f00000|  0%| F|  |TS  0|AC  0|TAMS 0x0000000743e00000, 0x0000000743e00000|
|  63|0x0000000743f00000, 0x0000000743f00000, 0x0000000744000000|  0%| F|  |TS  0|AC  0|TAMS 0x0000000743f00000, 0x0000000743f00000|
|  64|0x0000000744000000, 0x0000000744000000, 0x0000000744100000|  0%| F|  |TS  0|AC  0|TAMS 0x0000000744000000, 0x0000000744000000|
|  65|0x0000000744100000, 0x0000000744100000, 0x0000000744200000|  0%| F|  |TS  0|AC  0|TAMS 0x0000000744100000, 0x0000000744100000|
|  66|0x0000000744200000, 0x0000000744200000, 0x0000000744300000|  0%| F|  |TS  0|AC  0|TAMS 0x0000000744200000, 0x0000000744200000|
|  67|0x0000000744300000, 0x0000000744300000, 0x0000000744400000|  0%| F|  |TS  0|AC  0|TAMS 0x0000000744300000, 0x0000000744300000|
|  68|0x0000000744400000, 0x0000000744400000, 0x0000000744500000|  0%| F|  |TS  0|AC  0|TAMS 0x0000000744400000, 0x0000000744400000|
|  69|0x0000000744500000, 0x0000000744500000, 0x0000000744600000|  0%| F|  |TS  0|AC  0|TAMS 0x0000000744500000, 0x0000000744500000|
|  70|0x0000000744600000, 0x0000000744600000, 0x0000000744700000|  0%| F|  |TS  0|AC  0|TAMS 0x0000000744600000, 0x0000000744600000|
|  71|0x0000000744700000, 0x0000000744700000, 0x0000000744800000|  0%| F|  |TS  0|AC  0|TAMS 0x0000000744700000, 0x0000000744700000|
|  72|0x0000000744800000, 0x0000000744800000, 0x0000000744900000|  0%| F|  |TS  0|AC  0|TAMS 0x0000000744800000, 0x0000000744800000|
|  73|0x0000000744900000, 0x0000000744900000, 0x0000000744a00000|  0%| F|  |TS  0|AC  0|TAMS 0x0000000744900000, 0x0000000744900000|
|  74|0x0000000744a00000, 0x0000000744a00000, 0x0000000744b00000|  0%| F|  |TS  0|AC  0|TAMS 0x0000000744a00000, 0x0000000744a00000|
|  75|0x0000000744b00000, 0x0000000744b00000, 0x0000000744c00000|  0%| F|  |TS  0|AC  0|TAMS 0x0000000744b00000, 0x0000000744b00000|
|  76|0x0000000744c00000, 0x0000000744c00000, 0x0000000744d00000|  0%| F|  |TS  0|AC  0|TAMS 0x0000000744c00000, 0x0000000744c00000|
|  77|0x0000000744d00000, 0x0000000744d00000, 0x0000000744e00000|  0%| F|  |TS  0|AC  0|TAMS 0x0000000744d00000, 0x0000000744d00000|
|  78|0x0000000744e00000, 0x0000000744e00000, 0x0000000744f00000|  0%| F|  |TS  0|AC  0|TAMS 0x0000000744e00000, 0x0000000744e00000|
|  79|0x0000000744f00000, 0x0000000744f00000, 0x0000000745000000|  0%| F|  |TS  0|AC  0|TAMS 0x0000000744f00000, 0x0000000744f00000|
|  80|0x0000000745000000, 0x0000000745000000, 0x0000000745100000|  0%| F|  |TS  0|AC  0|TAMS 0x0000000745000000, 0x0000000745000000|
|  81|0x0000000745100000, 0x0000000745100000, 0x0000000745200000|  0%| F|  |TS  0|AC  0|TAMS 0x0000000745100000, 0x0000000745100000|
|  82|0x0000000745200000, 0x0000000745200000, 0x0000000745300000|  0%| F|  |TS  0|AC  0|TAMS 0x0000000745200000, 0x0000000745200000|
|  83|0x0000000745300000, 0x0000000745300000, 0x0000000745400000|  0%| F|  |TS  0|AC  0|TAMS 0x0000000745300000, 0x0000000745300000|
|  84|0x0000000745400000, 0x0000000745400000, 0x0000000745500000|  0%| F|  |TS  0|AC  0|TAMS 0x0000000745400000, 0x0000000745400000|
|  85|0x0000000745500000, 0x0000000745500000, 0x0000000745600000|  0%| F|  |TS  0|AC  0|TAMS 0x0000000745500000, 0x0000000745500000|
|  86|0x0000000745600000, 0x0000000745600000, 0x0000000745700000|  0%| F|  |TS  0|AC  0|TAMS 0x0000000745600000, 0x0000000745600000|
|  87|0x0000000745700000, 0x0000000745700000, 0x0000000745800000|  0%| F|  |TS  0|AC  0|TAMS 0x0000000745700000, 0x0000000745700000|
|  88|0x0000000745800000, 0x0000000745800000, 0x0000000745900000|  0%| F|  |TS  0|AC  0|TAMS 0x0000000745800000, 0x0000000745800000|
|  89|0x0000000745900000, 0x0000000745900000, 0x0000000745a00000|  0%| F|  |TS  0|AC  0|TAMS 0x0000000745900000, 0x0000000745900000|
|  90|0x0000000745a00000, 0x0000000745a00000, 0x0000000745b00000|  0%| F|  |TS  0|AC  0|TAMS 0x0000000745a00000, 0x0000000745a00000|
|  91|0x0000000745b00000, 0x0000000745b00000, 0x0000000745c00000|  0%| F|  |TS  0|AC  0|TAMS 0x0000000745b00000, 0x0000000745b00000|
|  92|0x0000000745c00000, 0x0000000745c00000, 0x0000000745d00000|  0%| F|  |TS  0|AC  0|TAMS 0x0000000745c00000, 0x0000000745c00000|
|  93|0x0000000745d00000, 0x0000000745d00000, 0x0000000745e00000|  0%| F|  |TS  0|AC  0|TAMS 0x0000000745d00000, 0x0000000745d00000|
|  94|0x0000000745e00000, 0x0000000745e00000, 0x0000000745f00000|  0%| F|  |TS  0|AC  0|TAMS 0x0000000745e00000, 0x0000000745e00000|
|  95|0x0000000745f00000, 0x0000000745f00000, 0x0000000746000000|  0%| F|  |TS  0|AC  0|TAMS 0x0000000745f00000, 0x0000000745f00000|
|  96|0x0000000746000000, 0x0000000746000000, 0x0000000746100000|  0%| F|  |TS  0|AC  0|TAMS 0x0000000746000000, 0x0000000746000000|
|  97|0x0000000746100000, 0x0000000746100000, 0x0000000746200000|  0%| F|  |TS  0|AC  0|TAMS 0x0000000746100000, 0x0000000746100000|
|  98|0x0000000746200000, 0x0000000746200000, 0x0000000746300000|  0%| F|  |TS  0|AC  0|TAMS 0x0000000746200000, 0x0000000746200000|
|  99|0x0000000746300000, 0x0000000746300000, 0x0000000746400000|  0%| F|  |TS  0|AC  0|TAMS 0x0000000746300000, 0x0000000746300000|
| 100|0x0000000746400000, 0x0000000746400000, 0x0000000746500000|  0%| F|  |TS  0|AC  0|TAMS 0x0000000746400000, 0x0000000746400000|
| 101|0x0000000746500000, 0x0000000746500000, 0x0000000746600000|  0%| F|  |TS  0|AC  0|TAMS 0x0000000746500000, 0x0000000746500000|
| 102|0x0000000746600000, 0x0000000746600000, 0x0000000746700000|  0%| F|  |TS  0|AC  0|TAMS 0x0000000746600000, 0x0000000746600000|
| 103|0x0000000746700000, 0x0000000746700000, 0x0000000746800000|  0%| F|  |TS  0|AC  0|TAMS 0x0000000746700000, 0x0000000746700000|
| 104|0x0000000746800000, 0x0000000746800000, 0x0000000746900000|  0%| F|  |TS  0|AC  0|TAMS 0x0000000746800000, 0x0000000746800000|
| 105|0x0000000746900000, 0x0000000746900000, 0x0000000746a00000|  0%| F|  |TS  0|AC  0|TAMS 0x0000000746900000, 0x0000000746900000|
| 106|0x0000000746a00000, 0x0000000746a00000, 0x0000000746b00000|  0%| F|  |TS  0|AC  0|TAMS 0x0000000746a00000, 0x0000000746a00000|
| 107|0x0000000746b00000, 0x0000000746b00000, 0x0000000746c00000|  0%| F|  |TS  0|AC  0|TAMS 0x0000000746b00000, 0x0000000746b00000|
| 108|0x0000000746c00000, 0x0000000746c00000, 0x0000000746d00000|  0%| F|  |TS  0|AC  0|TAMS 0x0000000746c00000, 0x0000000746c00000|
| 109|0x0000000746d00000, 0x0000000746d00000, 0x0000000746e00000|  0%| F|  |TS  0|AC  0|TAMS 0x0000000746d00000, 0x0000000746d00000|
| 110|0x0000000746e00000, 0x0000000746e00000, 0x0000000746f00000|  0%| F|  |TS  0|AC  0|TAMS 0x0000000746e00000, 0x0000000746e00000|
| 111|0x0000000746f00000, 0x0000000746f00000, 0x0000000747000000|  0%| F|  |TS  0|AC  0|TAMS 0x0000000746f00000, 0x0000000746f00000|
| 112|0x0000000747000000, 0x0000000747000000, 0x0000000747100000|  0%| F|  |TS  2|AC  0|TAMS 0x0000000747000000, 0x0000000747000000|
| 113|0x0000000747100000, 0x0000000747100000, 0x0000000747200000|  0%| F|  |TS  2|AC  0|TAMS 0x0000000747100000, 0x0000000747100000|
| 114|0x0000000747200000, 0x0000000747200000, 0x0000000747300000|  0%| F|  |TS  1|AC  0|TAMS 0x0000000747200000, 0x0000000747200000|
| 115|0x0000000747300000, 0x0000000747300000, 0x0000000747400000|  0%| F|  |TS  1|AC  0|TAMS 0x0000000747300000, 0x0000000747300000|
| 116|0x0000000747400000, 0x0000000747400000, 0x0000000747500000|  0%| F|  |TS  1|AC  0|TAMS 0x0000000747400000, 0x0000000747400000|
| 117|0x0000000747500000, 0x0000000747500000, 0x0000000747600000|  0%| F|  |TS  1|AC  0|TAMS 0x0000000747500000, 0x0000000747500000|
| 118|0x0000000747600000, 0x0000000747600000, 0x0000000747700000|  0%| F|  |TS  1|AC  0|TAMS 0x0000000747600000, 0x0000000747600000|
| 119|0x0000000747700000, 0x0000000747700000, 0x0000000747800000|  0%| F|  |TS  1|AC  0|TAMS 0x0000000747700000, 0x0000000747700000|
| 120|0x0000000747800000, 0x0000000747800000, 0x0000000747900000|  0%| F|  |TS  1|AC  0|TAMS 0x0000000747800000, 0x0000000747800000|
| 121|0x0000000747900000, 0x0000000747900000, 0x0000000747a00000|  0%| F|  |TS  1|AC  0|TAMS 0x0000000747900000, 0x0000000747900000|
| 122|0x0000000747a00000, 0x0000000747b00000, 0x0000000747b00000|100%| E|  |TS  1|AC  0|TAMS 0x0000000747a00000, 0x0000000747a00000|
| 123|0x0000000747b00000, 0x0000000747b98900, 0x0000000747c00000| 59%| S|CS|TS  2|AC  0|TAMS 0x0000000747b00000, 0x0000000747b00000|
| 124|0x0000000747c00000, 0x0000000747d00000, 0x0000000747d00000|100%| E|CS|TS  2|AC  0|TAMS 0x0000000747c00000, 0x0000000747c00000|
| 125|0x0000000747d00000, 0x0000000747e00000, 0x0000000747e00000|100%| E|CS|TS  2|AC  0|TAMS 0x0000000747d00000, 0x0000000747d00000|
| 126|0x0000000747e00000, 0x0000000747f00000, 0x0000000747f00000|100%| E|CS|TS  2|AC  0|TAMS 0x0000000747e00000, 0x0000000747e00000|
| 127|0x0000000747f00000, 0x0000000748000000, 0x0000000748000000|100%| E|CS|TS  2|AC  0|TAMS 0x0000000747f00000, 0x0000000747f00000|

Card table byte_map: [0x0000000129b55000,0x0000000129f55000] byte_map_base: 0x0000000126155000

Marking Bits (Prev, Next): (CMBitMap*) 0x00007f9f6980f060, (CMBitMap*) 0x00007f9f6980f098
 Prev Bits: [0x000000012a355000, 0x000000012c355000)
 Next Bits: [0x000000012c355000, 0x000000012e355000)

Polling page: 0x000000010d3a8000

CodeHeap 'non-profiled nmethods': size=120032Kb used=396Kb max_used=396Kb free=119635Kb
 bounds [0x000000012221d000, 0x000000012248d000, 0x0000000129755000]
CodeHeap 'profiled nmethods': size=120032Kb used=1905Kb max_used=1905Kb free=118127Kb
 bounds [0x000000011ace5000, 0x000000011af55000, 0x000000012221d000]
CodeHeap 'non-nmethods': size=5696Kb used=1132Kb max_used=1144Kb free=4563Kb
 bounds [0x000000011a755000, 0x000000011a9c5000, 0x000000011ace5000]
 total_blobs=1655 nmethods=1027 adapters=302
 compilation: enabled

Compilation events (10 events):
Event: 71.606 Thread 0x00007f9f68069000 1023       3       java.lang.StringLatin1::inflate (34 bytes)
Event: 71.607 Thread 0x00007f9f68069000 nmethod 1023 0x000000011aebfe90 code [0x000000011aec0060, 0x000000011aec02b0]
Event: 124.902 Thread 0x00007f9f68069000 1024       3       java.util.ArrayList::isEmpty (13 bytes)
Event: 124.903 Thread 0x00007f9f68069000 nmethod 1024 0x000000011aec0410 code [0x000000011aec05c0, 0x000000011aec0770]
Event: 132.653 Thread 0x00007f9f68069000 1025       3       java.lang.StringBuilder::append (9 bytes)
Event: 132.654 Thread 0x00007f9f68069000 nmethod 1025 0x000000011aec0810 code [0x000000011aec0a00, 0x000000011aec0d78]
Event: 144.839 Thread 0x00007f9f68069000 1026       3       java.lang.Integer::numberOfLeadingZeros (76 bytes)
Event: 144.840 Thread 0x00007f9f68069000 nmethod 1026 0x000000011aec0f10 code [0x000000011aec10c0, 0x000000011aec1370]
Event: 559.220 Thread 0x00007f9f68829800 1027       4       java.lang.AbstractStringBuilder::isLatin1 (19 bytes)
Event: 559.221 Thread 0x00007f9f68829800 nmethod 1027 0x000000012227ff90 code [0x0000000122280120, 0x0000000122280198]

GC Heap History (4 events):
Event: 2.062 GC heap before
{Heap before GC invocations=0 (full 0):
 garbage-first heap   total 131072K, used 14336K [0x0000000740000000, 0x00000007c0000000)
  region size 1024K, 14 young (14336K), 0 survivors (0K)
 Metaspace       used 10713K, capacity 10896K, committed 11136K, reserved 1058816K
  class space    used 982K, capacity 1079K, committed 1152K, reserved 1048576K
}
Event: 2.071 GC heap after
{Heap after GC invocations=1 (full 0):
 garbage-first heap   total 131072K, used 3334K [0x0000000740000000, 0x00000007c0000000)
  region size 1024K, 2 young (2048K), 2 survivors (2048K)
 Metaspace       used 10713K, capacity 10896K, committed 11136K, reserved 1058816K
  class space    used 982K, capacity 1079K, committed 1152K, reserved 1048576K
}
Event: 2.262 GC heap before
{Heap before GC invocations=1 (full 0):
 garbage-first heap   total 131072K, used 7430K [0x0000000740000000, 0x00000007c0000000)
  region size 1024K, 6 young (6144K), 2 survivors (2048K)
 Metaspace       used 11259K, capacity 11481K, committed 11648K, reserved 1060864K
  class space    used 1047K, capacity 1145K, committed 1152K, reserved 1048576K
}
Event: 2.269 GC heap after
{Heap after GC invocations=2 (full 0):
 garbage-first heap   total 131072K, used 3976K [0x0000000740000000, 0x00000007c0000000)
  region size 1024K, 1 young (1024K), 1 survivors (1024K)
 Metaspace       used 11259K, capacity 11481K, committed 11648K, reserved 1060864K
  class space    used 1047K, capacity 1145K, committed 1152K, reserved 1048576K
}

Deoptimization events (10 events):
Event: 1.534 Thread 0x00007f9f68802000 Uncommon trap: reason=unstable_if action=reinterpret pc=0x0000000122229414 method=java.util.HashMap.putVal(ILjava/lang/Object;Ljava/lang/Object;ZZ)Ljava/lang/Object; @ 162 c2
Event: 1.603 Thread 0x00007f9f68802000 Uncommon trap: reason=bimorphic_or_optimized_type_check action=maybe_recompile pc=0x0000000122245c44 method=java.util.Collections$UnmodifiableCollection$1.next()Ljava/lang/Object; @ 4 c2
Event: 1.603 Thread 0x00007f9f68802000 Uncommon trap: reason=bimorphic_or_optimized_type_check action=maybe_recompile pc=0x0000000122245c44 method=java.util.Collections$UnmodifiableCollection$1.next()Ljava/lang/Object; @ 4 c2
Event: 1.604 Thread 0x00007f9f68802000 Uncommon trap: reason=bimorphic_or_optimized_type_check action=maybe_recompile pc=0x0000000122245c44 method=java.util.Collections$UnmodifiableCollection$1.next()Ljava/lang/Object; @ 4 c2
Event: 1.604 Thread 0x00007f9f68802000 Uncommon trap: reason=bimorphic_or_optimized_type_check action=maybe_recompile pc=0x0000000122245c44 method=java.util.Collections$UnmodifiableCollection$1.next()Ljava/lang/Object; @ 4 c2
Event: 1.699 Thread 0x00007f9f68802000 Uncommon trap: reason=unstable_if action=reinterpret pc=0x000000012222c0f0 method=java.lang.String.isLatin1()Z @ 10 c2
Event: 1.976 Thread 0x00007f9f68802000 Uncommon trap: reason=unstable_if action=reinterpret pc=0x0000000122266a80 method=java.util.HashMap.putVal(ILjava/lang/Object;Ljava/lang/Object;ZZ)Ljava/lang/Object; @ 81 c2
Event: 2.258 Thread 0x00007f9f68802000 Uncommon trap: reason=unstable_if action=reinterpret pc=0x0000000122246480 method=java.util.concurrent.ConcurrentHashMap.addCount(JI)V @ 121 c2
Event: 13.608 Thread 0x00007f9f68802000 Uncommon trap: reason=unstable_if action=reinterpret pc=0x000000012227a5d8 method=java.lang.AbstractStringBuilder.append(Ljava/lang/String;)Ljava/lang/AbstractStringBuilder; @ 1 c2
Event: 59.598 Thread 0x00007f9f68802000 Uncommon trap: reason=unstable_if action=reinterpret pc=0x0000000122279894 method=java.lang.AbstractStringBuilder.append(Ljava/lang/String;)Ljava/lang/AbstractStringBuilder; @ 1 c2

Classes redefined (2 events):
Event: 558.787 Thread 0x00007f9f6981d000 redefined class name=RestAPITesting, count=1
Event: 1028.726 Thread 0x00007f9f6981d000 redefined class name=RestAPITesting, count=2

Internal exceptions (10 events):
Event: 1.643 Thread 0x00007f9f68802000 Exception <a 'java/lang/NoSuchMethodError'{0x00000007476473a0}: java.lang.invoke.DirectMethodHandle$Holder.invokeInterface(Ljava/lang/Object;Ljava/lang/Object;)Ljava/lang/Object;> (0x00000007476473a0) thrown at [/scratch/mesos/slaves/555f5737-a945-4eb0-8d
Event: 1.644 Thread 0x00007f9f68802000 Exception <a 'java/lang/IncompatibleClassChangeError'{0x000000074764a600}: Found class java.lang.Object, but interface was expected> (0x000000074764a600) thrown at [/scratch/mesos/slaves/555f5737-a945-4eb0-8d30-afb1fc816afd-S70/frameworks/1735e8a2-a1db-47
Event: 1.645 Thread 0x00007f9f68802000 Exception <a 'java/lang/NoSuchMethodError'{0x000000074764d9e8}: java.lang.invoke.DirectMethodHandle$Holder.invokeStaticInit(Ljava/lang/Object;Ljava/lang/Object;)V> (0x000000074764d9e8) thrown at [/scratch/mesos/slaves/555f5737-a945-4eb0-8d30-afb1fc816afd-
Event: 1.648 Thread 0x00007f9f68802000 Exception <a 'java/lang/NoSuchMethodError'{0x00000007476565c0}: java.lang.invoke.DirectMethodHandle$Holder.invokeStatic(Ljava/lang/Object;Ljava/lang/Object;)I> (0x00000007476565c0) thrown at [/scratch/mesos/slaves/555f5737-a945-4eb0-8d30-afb1fc816afd-S70/
Event: 1.649 Thread 0x00007f9f68802000 Exception <a 'java/lang/NoSuchMethodError'{0x0000000747659770}: java.lang.invoke.DirectMethodHandle$Holder.invokeStaticInit(Ljava/lang/Object;Ljava/lang/Object;)I> (0x0000000747659770) thrown at [/scratch/mesos/slaves/555f5737-a945-4eb0-8d30-afb1fc816afd-
Event: 1.652 Thread 0x00007f9f68802000 Exception <a 'java/lang/NoSuchMethodError'{0x0000000747661b70}: method resolution failed> (0x0000000747661b70) thrown at [/scratch/mesos/slaves/555f5737-a945-4eb0-8d30-afb1fc816afd-S70/frameworks/1735e8a2-a1db-478c-8104-60c8b0af87dd-0196/executors/5e9592f
Event: 1.706 Thread 0x00007f9f68802000 Exception <a 'java/lang/NoSuchMethodError'{0x00000007476ff660}: java.lang.Object.lambda$negate$3(I)Z> (0x00000007476ff660) thrown at [/scratch/mesos/slaves/555f5737-a945-4eb0-8d30-afb1fc816afd-S70/frameworks/1735e8a2-a1db-478c-8104-60c8b0af87dd-0196/execu
Event: 2.277 Thread 0x00007f9f68802000 Exception <a 'java/lang/NoSuchMethodError'{0x0000000747f055b8}: java.lang.Object.lambda$union$2(Ljava/util/regex/Pattern$CharPredicate;I)Z> (0x0000000747f055b8) thrown at [/scratch/mesos/slaves/555f5737-a945-4eb0-8d30-afb1fc816afd-S70/frameworks/1735e8a2-
Event: 13.608 Thread 0x00007f9f68802000 Implicit null exception at 0x0000000122279ef2 to 0x000000012227a5ba
Event: 59.598 Thread 0x00007f9f68802000 Implicit null exception at 0x00000001222791f2 to 0x000000012227987e

Events (10 events):
Event: 1028.828 Executing VM operation: ChangeBreakpoints done
Event: 1028.864 Executing VM operation: GetFrameCount
Event: 1028.864 Executing VM operation: GetFrameCount done
Event: 1028.864 Executing VM operation: GetFrameLocation
Event: 1028.864 Executing VM operation: GetFrameLocation done
Event: 1028.874 Executing VM operation: GetFrameCount
Event: 1028.874 Executing VM operation: GetFrameCount done
Event: 1028.874 Executing VM operation: GetFrameLocation
Event: 1028.874 Executing VM operation: GetFrameLocation done
Event: 1028.895 Executing VM operation: GetOrSetLocal


Dynamic libraries:
0x00007fff461a0000 	/System/Library/Frameworks/Cocoa.framework/Versions/A/Cocoa
0x00007fff527ba000 	/System/Library/Frameworks/Security.framework/Versions/A/Security
0x00007fff44de2000 	/System/Library/Frameworks/ApplicationServices.framework/Versions/A/ApplicationServices
0x00007fff6e615000 	/usr/lib/libz.1.dylib
0x00007fff6c546000 	/usr/lib/libSystem.B.dylib
0x00007fff46953000 	/System/Library/Frameworks/CoreFoundation.framework/Versions/A/CoreFoundation
0x00007fff48ab4000 	/System/Library/Frameworks/Foundation.framework/Versions/C/Foundation
0x00007fff6dbff000 	/usr/lib/libobjc.A.dylib
0x00007fff43f32000 	/System/Library/Frameworks/AppKit.framework/Versions/C/AppKit
0x00007fff46518000 	/System/Library/Frameworks/CoreData.framework/Versions/A/CoreData
0x00007fff65e86000 	/System/Library/PrivateFrameworks/RemoteViewServices.framework/Versions/A/RemoteViewServices
0x00007fff6a5eb000 	/System/Library/PrivateFrameworks/UIFoundation.framework/Versions/A/UIFoundation
0x00007fff5ac82000 	/System/Library/PrivateFrameworks/DFRFoundation.framework/Versions/A/DFRFoundation
0x00007fff4b120000 	/System/Library/Frameworks/Metal.framework/Versions/A/Metal
0x00007fff5ae1f000 	/System/Library/PrivateFrameworks/DesktopServicesPriv.framework/Versions/A/DesktopServicesPriv
0x00007fff6d14c000 	/usr/lib/libenergytrace.dylib
0x00007fff68656000 	/System/Library/PrivateFrameworks/SkyLight.framework/Versions/A/SkyLight
0x00007fff46df6000 	/System/Library/Frameworks/CoreGraphics.framework/Versions/A/CoreGraphics
0x00007fff6c541000 	/usr/lib/libScreenReader.dylib
0x00007fff42ecc000 	/System/Library/Frameworks/Accelerate.framework/Versions/A/Accelerate
0x00007fff4922e000 	/System/Library/Frameworks/IOSurface.framework/Versions/A/IOSurface
0x00007fff4532c000 	/System/Library/Frameworks/AudioToolbox.framework/Versions/A/AudioToolbox
0x00007fff455bc000 	/System/Library/Frameworks/AudioUnit.framework/Versions/A/AudioUnit
0x00007fff5ad1a000 	/System/Library/PrivateFrameworks/DataDetectorsCore.framework/Versions/A/DataDetectorsCore
0x00007fff45c93000 	/System/Library/Frameworks/Carbon.framework/Versions/A/Frameworks/HIToolbox.framework/Versions/A/HIToolbox
0x00007fff6d2a6000 	/usr/lib/libicucore.A.dylib
0x00007fff51d38000 	/System/Library/Frameworks/QuartzCore.framework/Versions/A/QuartzCore
0x00007fff6790d000 	/System/Library/PrivateFrameworks/SignpostNotification.framework/Versions/A/SignpostNotification
0x00007fff46079000 	/System/Library/Frameworks/Carbon.framework/Versions/A/Frameworks/SpeechRecognition.framework/Versions/A/SpeechRecognition
0x00007fff6c6a2000 	/usr/lib/libauto.dylib
0x00007fff6e504000 	/usr/lib/libxml2.2.dylib
0x00007fff5a8d3000 	/System/Library/PrivateFrameworks/CoreUI.framework/Versions/A/CoreUI
0x00007fff463f4000 	/System/Library/Frameworks/CoreAudio.framework/Versions/A/CoreAudio
0x00007fff488ee000 	/System/Library/Frameworks/DiskArbitration.framework/Versions/A/DiskArbitration
0x00007fff6d51a000 	/usr/lib/liblangid.dylib
0x00007fff6238c000 	/System/Library/PrivateFrameworks/MultitouchSupport.framework/Versions/A/MultitouchSupport
0x00007fff49191000 	/System/Library/Frameworks/IOKit.framework/Versions/A/IOKit
0x00007fff6c1d0000 	/usr/lib/libDiagnosticMessagesClient.dylib
0x00007fff47acc000 	/System/Library/Frameworks/CoreServices.framework/Versions/A/CoreServices
0x00007fff63ebe000 	/System/Library/PrivateFrameworks/PerformanceAnalysis.framework/Versions/A/PerformanceAnalysis
0x00007fff50eda000 	/System/Library/Frameworks/OpenGL.framework/Versions/A/OpenGL
0x00007fff461ae000 	/System/Library/Frameworks/ColorSync.framework/Versions/A/ColorSync
0x00007fff47408000 	/System/Library/Frameworks/CoreImage.framework/Versions/A/CoreImage
0x00007fff4845c000 	/System/Library/Frameworks/CoreText.framework/Versions/A/CoreText
0x00007fff4928c000 	/System/Library/Frameworks/ImageIO.framework/Versions/A/ImageIO
0x00007fff575ca000 	/System/Library/PrivateFrameworks/Backup.framework/Versions/A/Backup
0x00007fff6c5f2000 	/usr/lib/libarchive.2.dylib
0x00007fff458df000 	/System/Library/Frameworks/CFNetwork.framework/Versions/A/CFNetwork
0x00007fff52f4d000 	/System/Library/Frameworks/SystemConfiguration.framework/Versions/A/SystemConfiguration
0x00007fff6c0f9000 	/usr/lib/libCRFSuite.dylib
0x00007fff6c77b000 	/usr/lib/libc++.1.dylib
0x00007fff6c7d2000 	/usr/lib/libc++abi.dylib
0x00007fff6e6c3000 	/usr/lib/system/libcache.dylib
0x00007fff6e6c8000 	/usr/lib/system/libcommonCrypto.dylib
0x00007fff6e6d3000 	/usr/lib/system/libcompiler_rt.dylib
0x00007fff6e6db000 	/usr/lib/system/libcopyfile.dylib
0x00007fff6e6e5000 	/usr/lib/system/libcorecrypto.dylib
0x00007fff6e7f2000 	/usr/lib/system/libdispatch.dylib
0x00007fff6e82c000 	/usr/lib/system/libdyld.dylib
0x00007fff6e84a000 	/usr/lib/system/libkeymgr.dylib
0x00007fff6e858000 	/usr/lib/system/liblaunch.dylib
0x00007fff6e859000 	/usr/lib/system/libmacho.dylib
0x00007fff6e85e000 	/usr/lib/system/libquarantine.dylib
0x00007fff6e861000 	/usr/lib/system/libremovefile.dylib
0x00007fff6e863000 	/usr/lib/system/libsystem_asl.dylib
0x00007fff6e87b000 	/usr/lib/system/libsystem_blocks.dylib
0x00007fff6e87c000 	/usr/lib/system/libsystem_c.dylib
0x00007fff6e906000 	/usr/lib/system/libsystem_configuration.dylib
0x00007fff6e90a000 	/usr/lib/system/libsystem_coreservices.dylib
0x00007fff6e90e000 	/usr/lib/system/libsystem_darwin.dylib
0x00007fff6e910000 	/usr/lib/system/libsystem_dnssd.dylib
0x00007fff6e917000 	/usr/lib/system/libsystem_info.dylib
0x00007fff6e988000 	/usr/lib/system/libsystem_m.dylib
0x00007fff6e9d4000 	/usr/lib/system/libsystem_malloc.dylib
0x00007fff6e9f4000 	/usr/lib/system/libsystem_network.dylib
0x00007fff6eb25000 	/usr/lib/system/libsystem_networkextension.dylib
0x00007fff6eb30000 	/usr/lib/system/libsystem_notify.dylib
0x00007fff6eb4e000 	/usr/lib/system/libsystem_sandbox.dylib
0x00007fff6eb52000 	/usr/lib/system/libsystem_secinit.dylib
0x00007fff6e961000 	/usr/lib/system/libsystem_kernel.dylib
0x00007fff6eb3a000 	/usr/lib/system/libsystem_platform.dylib
0x00007fff6eb42000 	/usr/lib/system/libsystem_pthread.dylib
0x00007fff6eb54000 	/usr/lib/system/libsystem_symptoms.dylib
0x00007fff6eb5c000 	/usr/lib/system/libsystem_trace.dylib
0x00007fff6eb71000 	/usr/lib/system/libunwind.dylib
0x00007fff6eb77000 	/usr/lib/system/libxpc.dylib
0x00007fff6c00c000 	/usr/lib/closure/libclosured.dylib
0x00007fff6c75c000 	/usr/lib/libbsm.0.dylib
0x00007fff6e84b000 	/usr/lib/system/libkxld.dylib
0x00007fff6c40a000 	/usr/lib/libOpenScriptingUtil.dylib
0x00007fff6cacb000 	/usr/lib/libcoretls.dylib
0x00007fff6cae4000 	/usr/lib/libcoretls_cfhelpers.dylib
0x00007fff6e000000 	/usr/lib/libpam.2.dylib
0x00007fff6e127000 	/usr/lib/libsqlite3.dylib
0x00007fff6e4f3000 	/usr/lib/libxar.1.dylib
0x00007fff6c76d000 	/usr/lib/libbz2.1.0.dylib
0x00007fff6d51c000 	/usr/lib/liblzma.5.dylib
0x00007fff6d9fd000 	/usr/lib/libnetwork.dylib
0x00007fff6c5db000 	/usr/lib/libapple_nghttp2.dylib
0x00007fff6e007000 	/usr/lib/libpcap.A.dylib
0x00007fff6c6a3000 	/usr/lib/libboringssl.dylib
0x00007fff6e48e000 	/usr/lib/libusrtcp.dylib
0x00007fff6c5da000 	/usr/lib/libapple_crypto.dylib
0x00007fff47e4f000 	/System/Library/Frameworks/CoreServices.framework/Versions/A/Frameworks/FSEvents.framework/Versions/A/FSEvents
0x00007fff47b42000 	/System/Library/Frameworks/CoreServices.framework/Versions/A/Frameworks/CarbonCore.framework/Versions/A/CarbonCore
0x00007fff48016000 	/System/Library/Frameworks/CoreServices.framework/Versions/A/Frameworks/Metadata.framework/Versions/A/Metadata
0x00007fff480c7000 	/System/Library/Frameworks/CoreServices.framework/Versions/A/Frameworks/OSServices.framework/Versions/A/OSServices
0x00007fff48128000 	/System/Library/Frameworks/CoreServices.framework/Versions/A/Frameworks/SearchKit.framework/Versions/A/SearchKit
0x00007fff47acd000 	/System/Library/Frameworks/CoreServices.framework/Versions/A/Frameworks/AE.framework/Versions/A/AE
0x00007fff47e58000 	/System/Library/Frameworks/CoreServices.framework/Versions/A/Frameworks/LaunchServices.framework/Versions/A/LaunchServices
0x00007fff47e1a000 	/System/Library/Frameworks/CoreServices.framework/Versions/A/Frameworks/DictionaryServices.framework/Versions/A/DictionaryServices
0x00007fff48197000 	/System/Library/Frameworks/CoreServices.framework/Versions/A/Frameworks/SharedFileList.framework/Versions/A/SharedFileList
0x00007fff4c356000 	/System/Library/Frameworks/NetFS.framework/Versions/A/NetFS
0x00007fff6261d000 	/System/Library/PrivateFrameworks/NetAuth.framework/Versions/A/NetAuth
0x00007fff6bea3000 	/System/Library/PrivateFrameworks/login.framework/Versions/A/Frameworks/loginsupport.framework/Versions/A/loginsupport
0x00007fff6a268000 	/System/Library/PrivateFrameworks/TCC.framework/Versions/A/TCC
0x00007fff6d5fd000 	/usr/lib/libmecabra.dylib
0x00007fff44de3000 	/System/Library/Frameworks/ApplicationServices.framework/Versions/A/Frameworks/ATS.framework/Versions/A/ATS
0x00007fff45191000 	/System/Library/Frameworks/ApplicationServices.framework/Versions/A/Frameworks/ColorSyncLegacy.framework/Versions/A/ColorSyncLegacy
0x00007fff45235000 	/System/Library/Frameworks/ApplicationServices.framework/Versions/A/Frameworks/HIServices.framework/Versions/A/HIServices
0x00007fff45288000 	/System/Library/Frameworks/ApplicationServices.framework/Versions/A/Frameworks/LangAnalysis.framework/Versions/A/LangAnalysis
0x00007fff45297000 	/System/Library/Frameworks/ApplicationServices.framework/Versions/A/Frameworks/PrintCore.framework/Versions/A/PrintCore
0x00007fff452e4000 	/System/Library/Frameworks/ApplicationServices.framework/Versions/A/Frameworks/QD.framework/Versions/A/QD
0x00007fff4531f000 	/System/Library/Frameworks/ApplicationServices.framework/Versions/A/Frameworks/SpeechSynthesis.framework/Versions/A/SpeechSynthesis
0x00007fff4686f000 	/System/Library/Frameworks/CoreDisplay.framework/Versions/A/CoreDisplay
0x00007fff42ee4000 	/System/Library/Frameworks/Accelerate.framework/Versions/A/Frameworks/vImage.framework/Versions/A/vImage
0x00007fff43c3e000 	/System/Library/Frameworks/Accelerate.framework/Versions/A/Frameworks/vecLib.framework/Versions/A/vecLib
0x00007fff439de000 	/System/Library/Frameworks/Accelerate.framework/Versions/A/Frameworks/vecLib.framework/Versions/A/libvDSP.dylib
0x00007fff4353e000 	/System/Library/Frameworks/Accelerate.framework/Versions/A/Frameworks/vecLib.framework/Versions/A/libBNNS.dylib
0x00007fff43943000 	/System/Library/Frameworks/Accelerate.framework/Versions/A/Frameworks/vecLib.framework/Versions/A/libQuadrature.dylib
0x00007fff43b8c000 	/System/Library/Frameworks/Accelerate.framework/Versions/A/Frameworks/vecLib.framework/Versions/A/libvMisc.dylib
0x00007fff4356d000 	/System/Library/Frameworks/Accelerate.framework/Versions/A/Frameworks/vecLib.framework/Versions/A/libLAPACK.dylib
0x00007fff433e3000 	/System/Library/Frameworks/Accelerate.framework/Versions/A/Frameworks/vecLib.framework/Versions/A/libBLAS.dylib
0x00007fff4392d000 	/System/Library/Frameworks/Accelerate.framework/Versions/A/Frameworks/vecLib.framework/Versions/A/libLinearAlgebra.dylib
0x00007fff43949000 	/System/Library/Frameworks/Accelerate.framework/Versions/A/Frameworks/vecLib.framework/Versions/A/libSparse.dylib
0x00007fff439ca000 	/System/Library/Frameworks/Accelerate.framework/Versions/A/Frameworks/vecLib.framework/Versions/A/libSparseBLAS.dylib
0x00007fff5f45e000 	/System/Library/PrivateFrameworks/GPUWrangler.framework/Versions/A/GPUWrangler
0x00007fff60bef000 	/System/Library/PrivateFrameworks/IOAccelerator.framework/Versions/A/IOAccelerator
0x00007fff60bfa000 	/System/Library/PrivateFrameworks/IOPresentment.framework/Versions/A/IOPresentment
0x00007fff5ac94000 	/System/Library/PrivateFrameworks/DSExternalDisplay.framework/Versions/A/DSExternalDisplay
0x00007fff50359000 	/System/Library/Frameworks/OpenGL.framework/Versions/A/Libraries/libCoreFSCache.dylib
0x00007fff485ad000 	/System/Library/Frameworks/CoreVideo.framework/Versions/A/CoreVideo
0x00007fff601d9000 	/System/Library/PrivateFrameworks/GraphVisualizer.framework/Versions/A/GraphVisualizer
0x00007fff4b357000 	/System/Library/Frameworks/MetalPerformanceShaders.framework/Versions/A/MetalPerformanceShaders
0x00007fff6c208000 	/usr/lib/libFosl_dynamic.dylib
0x00007fff5bd68000 	/System/Library/PrivateFrameworks/FaceCore.framework/Versions/A/FaceCore
0x00007fff4f154000 	/System/Library/Frameworks/OpenCL.framework/Versions/A/OpenCL
0x00007fff6c809000 	/usr/lib/libcompression.dylib
0x00007fff44ee2000 	/System/Library/Frameworks/ApplicationServices.framework/Versions/A/Frameworks/ATS.framework/Versions/A/Resources/libFontParser.dylib
0x00007fff45005000 	/System/Library/Frameworks/ApplicationServices.framework/Versions/A/Frameworks/ATS.framework/Versions/A/Resources/libFontRegistry.dylib
0x00007fff494f4000 	/System/Library/Frameworks/ImageIO.framework/Versions/A/Resources/libJPEG.dylib
0x00007fff4981d000 	/System/Library/Frameworks/ImageIO.framework/Versions/A/Resources/libTIFF.dylib
0x00007fff497f3000 	/System/Library/Frameworks/ImageIO.framework/Versions/A/Resources/libPng.dylib
0x00007fff49407000 	/System/Library/Frameworks/ImageIO.framework/Versions/A/Resources/libGIF.dylib
0x00007fff4940c000 	/System/Library/Frameworks/ImageIO.framework/Versions/A/Resources/libJP2.dylib
0x00007fff4981a000 	/System/Library/Frameworks/ImageIO.framework/Versions/A/Resources/libRadiance.dylib
0x00007fff56cf5000 	/System/Library/PrivateFrameworks/AppleJPEG.framework/Versions/A/AppleJPEG
0x00007fff4b1be000 	/System/Library/Frameworks/MetalPerformanceShaders.framework/Frameworks/MPSCore.framework/Versions/A/MPSCore
0x00007fff4b1da000 	/System/Library/Frameworks/MetalPerformanceShaders.framework/Frameworks/MPSImage.framework/Versions/A/MPSImage
0x00007fff4b26f000 	/System/Library/Frameworks/MetalPerformanceShaders.framework/Frameworks/MPSNeuralNetwork.framework/Versions/A/MPSNeuralNetwork
0x00007fff4b24a000 	/System/Library/Frameworks/MetalPerformanceShaders.framework/Frameworks/MPSMatrix.framework/Versions/A/MPSMatrix
0x00007fff620f0000 	/System/Library/PrivateFrameworks/MetalTools.framework/Versions/A/MetalTools
0x00007fff50524000 	/System/Library/Frameworks/OpenGL.framework/Versions/A/Libraries/libGLU.dylib
0x00007fff50364000 	/System/Library/Frameworks/OpenGL.framework/Versions/A/Libraries/libGFXShared.dylib
0x00007fff5036e000 	/System/Library/Frameworks/OpenGL.framework/Versions/A/Libraries/libGL.dylib
0x00007fff5037a000 	/System/Library/Frameworks/OpenGL.framework/Versions/A/Libraries/libGLImage.dylib
0x00007fff50356000 	/System/Library/Frameworks/OpenGL.framework/Versions/A/Libraries/libCVMSPluginSupport.dylib
0x00007fff5035f000 	/System/Library/Frameworks/OpenGL.framework/Versions/A/Libraries/libCoreVMClient.dylib
0x00007fff6cfb6000 	/usr/lib/libcups.2.dylib
0x00007fff4a725000 	/System/Library/Frameworks/Kerberos.framework/Versions/A/Kerberos
0x00007fff48eeb000 	/System/Library/Frameworks/GSS.framework/Versions/A/GSS
0x00007fff6e0ba000 	/usr/lib/libresolv.9.dylib
0x00007fff6d1b4000 	/usr/lib/libiconv.2.dylib
0x00007fff6026b000 	/System/Library/PrivateFrameworks/Heimdal.framework/Versions/A/Heimdal
0x00007fff6d183000 	/usr/lib/libheimdal-asn1.dylib
0x00007fff4f1cc000 	/System/Library/Frameworks/OpenDirectory.framework/Versions/A/OpenDirectory
0x00007fff5900b000 	/System/Library/PrivateFrameworks/CommonAuth.framework/Versions/A/CommonAuth
0x00007fff4f1af000 	/System/Library/Frameworks/OpenDirectory.framework/Versions/A/Frameworks/CFOpenDirectory.framework/Versions/A/CFOpenDirectory
0x00007fff52ae6000 	/System/Library/Frameworks/SecurityFoundation.framework/Versions/A/SecurityFoundation
0x00007fff55eba000 	/System/Library/PrivateFrameworks/APFS.framework/Versions/A/APFS
0x00007fff6e4ef000 	/usr/lib/libutil.dylib
0x00007fff56d78000 	/System/Library/PrivateFrameworks/AppleSauce.framework/Versions/A/AppleSauce
0x00007fff613d7000 	/System/Library/PrivateFrameworks/LinguisticData.framework/Versions/A/LinguisticData
0x00007fff6d536000 	/usr/lib/libmarisa.dylib
0x00007fff61391000 	/System/Library/PrivateFrameworks/Lexicon.framework/Versions/A/Lexicon
0x00007fff6c133000 	/usr/lib/libChineseTokenizer.dylib
0x00007fff6c7f8000 	/usr/lib/libcmph.dylib
0x00007fff6129b000 	/System/Library/PrivateFrameworks/LanguageModeling.framework/Versions/A/LanguageModeling
0x00007fff59b1a000 	/System/Library/PrivateFrameworks/CoreEmoji.framework/Versions/A/CoreEmoji
0x00007fff52ba4000 	/System/Library/Frameworks/ServiceManagement.framework/Versions/A/ServiceManagement
0x00007fff575c2000 	/System/Library/PrivateFrameworks/BackgroundTaskManagement.framework/Versions/A/BackgroundTaskManagement
0x00007fff6e5ec000 	/usr/lib/libxslt.1.dylib
0x00007fff45fa3000 	/System/Library/Frameworks/Carbon.framework/Versions/A/Frameworks/Ink.framework/Versions/A/Ink
0x00007fff6a47d000 	/System/Library/PrivateFrameworks/TextureIO.framework/Versions/A/TextureIO
0x00007fff6c61d000 	/usr/lib/libate.dylib
0x00007fff5abf4000 	/System/Library/PrivateFrameworks/CrashReporterSupport.framework/Versions/A/CrashReporterSupport
0x00007fff677cd000 	/System/Library/PrivateFrameworks/Sharing.framework/Versions/A/Sharing
0x00007fff60fdc000 	/System/Library/PrivateFrameworks/IconServices.framework/Versions/A/IconServices
0x00007fff571f2000 	/System/Library/PrivateFrameworks/AuthKit.framework/Versions/A/AuthKit
0x00007fff56b78000 	/System/Library/PrivateFrameworks/Apple80211.framework/Versions/A/Apple80211
0x00007fff5aa09000 	/System/Library/PrivateFrameworks/CoreUtils.framework/Versions/A/CoreUtils
0x00007fff485e8000 	/System/Library/Frameworks/CoreWLAN.framework/Versions/A/CoreWLAN
0x00007fff4902d000 	/System/Library/Frameworks/IOBluetooth.framework/Versions/A/IOBluetooth
0x00007fff65c8d000 	/System/Library/PrivateFrameworks/ProtocolBuffer.framework/Versions/A/ProtocolBuffer
0x00007fff622e7000 	/System/Library/PrivateFrameworks/MobileKeyBag.framework/Versions/A/MobileKeyBag
0x00007fff5a2be000 	/System/Library/PrivateFrameworks/CorePhoneNumbers.framework/Versions/A/CorePhoneNumbers
0x00007fff56cb0000 	/System/Library/PrivateFrameworks/AppleIDAuthSupport.framework/Versions/A/AppleIDAuthSupport
0x00007fff61287000 	/System/Library/PrivateFrameworks/KeychainCircle.framework/Versions/A/KeychainCircle
0x00007fff5ab8f000 	/System/Library/PrivateFrameworks/CoreWiFi.framework/Versions/A/CoreWiFi
0x00007fff464ee000 	/System/Library/Frameworks/CoreBluetooth.framework/Versions/A/CoreBluetooth
0x00007fff5adde000 	/System/Library/PrivateFrameworks/DebugSymbols.framework/Versions/A/DebugSymbols
0x00007fff5a7bf000 	/System/Library/PrivateFrameworks/CoreSymbolication.framework/Versions/A/CoreSymbolication
0x00007fff69c6e000 	/System/Library/PrivateFrameworks/Symbolication.framework/Versions/A/Symbolication
0x00007fff56ba2000 	/System/Library/PrivateFrameworks/AppleFSCompression.framework/Versions/A/AppleFSCompression
0x00007fff690bb000 	/System/Library/PrivateFrameworks/SpeechRecognitionCore.framework/Versions/A/SpeechRecognitionCore
0x000000010dc00000 	/Library/Java/JavaVirtualMachines/jdk-10.0.1.jdk/Contents/Home/lib/server/libjvm.dylib
0x00007fff6e3bc000 	/usr/lib/libstdc++.6.0.9.dylib
0x000000010d366000 	/Library/Java/JavaVirtualMachines/jdk-10.0.1.jdk/Contents/Home/lib/libverify.dylib
0x000000010d373000 	/Library/Java/JavaVirtualMachines/jdk-10.0.1.jdk/Contents/Home/lib/libjava.dylib
0x000000010d3aa000 	/Library/Java/JavaVirtualMachines/jdk-10.0.1.jdk/Contents/Home/lib/libjdwp.dylib
0x000000010e9a0000 	/Library/Java/JavaVirtualMachines/jdk-10.0.1.jdk/Contents/Home/lib/libinstrument.dylib
0x000000010d3f0000 	/Library/Java/JavaVirtualMachines/jdk-10.0.1.jdk/Contents/Home/lib/libzip.dylib
0x000000010d3f8000 	/Library/Java/JavaVirtualMachines/jdk-10.0.1.jdk/Contents/Home/lib/libjimage.dylib
0x000000010f3af000 	/Library/Java/JavaVirtualMachines/jdk-10.0.1.jdk/Contents/Home/lib/libdt_socket.dylib
0x000000013285a000 	/Library/Java/JavaVirtualMachines/jdk-10.0.1.jdk/Contents/Home/lib/libnio.dylib
0x000000013286a000 	/Library/Java/JavaVirtualMachines/jdk-10.0.1.jdk/Contents/Home/lib/./libnet.dylib
0x0000000132c45000 	/Library/Java/JavaVirtualMachines/jdk-10.0.1.jdk/Contents/Home/lib/libsunec.dylib


VM Arguments:
jvm_args: -agentlib:jdwp=transport=dt_socket,address=127.0.0.1:59358,suspend=y,server=n -javaagent:/Users/saengdueancalderaz/Library/Caches/IdeaIC2018.2/captureAgent/debugger-agent.jar=file:/private/var/folders/xq/3nlc7ccs2qv9z1v9nt41kq2m0000gn/T/capture.props -Dfile.encoding=UTF-8 
java_command: RestAPITesting
java_class_path (initial): /Users/saengdueancalderaz/Desktop/Learning_Automated-RESTFUL-API-Testing/out/production/Learning_Automated-RESTFUL-API-Testing:/Users/saengdueancalderaz/Desktop/Learning_Automated-RESTFUL-API-Testing/libraries/httpcomponents-client-4.5.6/lib/httpclient-4.5.6.jar:/Users/saengdueancalderaz/Desktop/Learning_Automated-RESTFUL-API-Testing/libraries/httpcomponents-client-4.5.6/lib/httpcore-4.4.10.jar:/Users/saengdueancalderaz/Desktop/Learning_Automated-RESTFUL-API-Testing/libraries/httpcomponents-client-4.5.6/lib/fluent-hc-4.5.6.jar:/Users/saengdueancalderaz/Desktop/Learning_Automated-RESTFUL-API-Testing/libraries/httpcomponents-client-4.5.6/lib/httpclient-win-4.5.6.jar:/Users/saengdueancalderaz/Desktop/Learning_Automated-RESTFUL-API-Testing/libraries/httpcomponents-client-4.5.6/lib/httpclient-cache-4.5.6.jar:/Users/saengdueancalderaz/Desktop/Learning_Automated-RESTFUL-API-Testing/libraries/httpcomponents-client-4.5.6/lib/commons-logging-1.2.jar:/Users/saengdueancalderaz/Desktop/Learning_Automated-RESTFUL-API-Testing/libraries/httpcomponents-client-4.5.6/lib/jna-platform-4.4.0.jar:/Users/saengdueancalderaz/Desktop/Learning_Automated-RESTFUL-API-Testing/libraries/httpcomponents-client-4.5.6/lib/jna-4.4.0.jar:/Users/saengdueancalderaz/Desktop/Learning_Automated-RESTFUL-API-Testing/libraries/httpcomponents-client-4.5.6/lib/commons-codec-1.10.jar:/Users/saengdueancalderaz/Desktop/Learning_Automated-RESTFUL-API-Testing/libraries/httpcomponents-client-4.5.6/lib/httpmime-4.5.6.jar:/Applications/IntelliJ IDEA CE.app/Contents/lib/idea_rt.jar
Launcher Type: SUN_STANDARD

Logging:
Log output configuration:
#0: stdout all=warning uptime,level,tags
#1: stderr all=off uptime,level,tags

Environment Variables:
PATH=/Library/Frameworks/Python.framework/Versions/3.6/bin:/Library/Frameworks/Python.framework/Versions/2.7/bin:/Users/saengdueancalderaz/.rvm/gems/ruby-2.3.4/bin:/Users/saengdueancalderaz/.rvm/gems/ruby-2.3.4@global/bin:/Users/saengdueancalderaz/.rvm/rubies/ruby-2.3.4/bin:/usr/local/bin:/usr/bin:/bin:/usr/sbin:/sbin:/Applications/Wireshark.app/Contents/MacOS:/Users/saengdueancalderaz/.rvm/bin:/usr/local/mysql/bin/
SHELL=/bin/bash

Signal Handlers:
SIGSEGV: [libjvm.dylib+0x79ac14], sa_mask[0]=11111111011111110111111111111111, sa_flags=SA_ONSTACK|SA_RESTART|SA_SIGINFO
SIGBUS: [libjvm.dylib+0x79ac14], sa_mask[0]=11111111011111110111111111111111, sa_flags=SA_RESTART|SA_SIGINFO
SIGFPE: [libjvm.dylib+0x79ac14], sa_mask[0]=11111111011111110111111111111111, sa_flags=SA_RESTART|SA_SIGINFO
SIGPIPE: [libjvm.dylib+0x635960], sa_mask[0]=11111111011111110111111111111111, sa_flags=SA_RESTART|SA_SIGINFO
SIGXFSZ: [libjvm.dylib+0x635960], sa_mask[0]=11111111011111110111111111111111, sa_flags=SA_RESTART|SA_SIGINFO
SIGILL: [libjvm.dylib+0x79ac14], sa_mask[0]=11111111011111110111111111111111, sa_flags=SA_RESTART|SA_SIGINFO
SIGUSR2: [libjvm.dylib+0x6361f0], sa_mask[0]=00100000000000000000000000000000, sa_flags=SA_RESTART|SA_SIGINFO
SIGHUP: [libjvm.dylib+0x6349db], sa_mask[0]=11111111011111110111111111111111, sa_flags=SA_RESTART|SA_SIGINFO
SIGINT: [libjvm.dylib+0x6349db], sa_mask[0]=11111111011111110111111111111111, sa_flags=SA_RESTART|SA_SIGINFO
SIGTERM: [libjvm.dylib+0x6349db], sa_mask[0]=11111111011111110111111111111111, sa_flags=SA_RESTART|SA_SIGINFO
SIGQUIT: [libjvm.dylib+0x6349db], sa_mask[0]=11111111011111110111111111111111, sa_flags=SA_RESTART|SA_SIGINFO


---------------  S Y S T E M  ---------------

OS:uname:Darwin 17.7.0 Darwin Kernel Version 17.7.0: Thu Jun 21 22:53:14 PDT 2018; root:xnu-4570.71.2~1/RELEASE_X86_64 x86_64
rlimit: STACK 8192k, CORE 0k, NPROC 709, NOFILE 10240, AS infinity, DATA infinity, FSIZE infinity
load average:3.36 2.71 2.85

CPU:total 4 (initial active 4) (2 cores per cpu, 2 threads per core) family 6 model 61 stepping 4, cmov, cx8, fxsr, mmx, sse, sse2, sse3, ssse3, sse4.1, sse4.2, popcnt, avx, avx2, aes, clmul, erms, 3dnowpref, lzcnt, ht, tsc, tscinvbit, bmi1, bmi2, adx, fma

Memory: 4k page, physical 8388608k(92912k free)

vm_info: Java HotSpot(TM) 64-Bit Server VM (10.0.1+10) for bsd-amd64 JRE (10.0.1+10), built on Mar 27 2018 01:13:17 by "mach5one" with gcc 4.2.1 Compatible Apple LLVM 6.1.0 (clang-602.0.49)

END.
